<?xml version="1.0" encoding="UTF-8"?>
<testsuite name="Google Search" tests="1" skipped="0" failures="0" errors="0" timestamp="2018-07-11T19:37:37" hostname="Underground.local" time="11.063">
  <properties/>
  <testcase name="Search word Playstation" classname="Google Search" time="11.063"/>
  <system-out><![CDATA[]]></system-out>
  <system-err><![CDATA[Jul 11, 2018 2:37:37 PM org.openqa.selenium.remote.DesiredCapabilities chrome
INFO: Using `new ChromeOptions()` is preferred to `DesiredCapabilities.chrome()`
Starting ChromeDriver 2.40.565386 (45a059dc425e08165f9a10324bd1380cc13ca363) on port 15341
Only local connections are allowed.
Jul 11, 2018 2:37:39 PM org.openqa.selenium.remote.ProtocolHandshake createSession
INFO: Detected dialect: OSS
[Test worker] INFO net.serenitybdd.core.Serenity - 
        __    _____ _____ ____ _____   ____   _    ____  ____  _____ ____  
  _     \ \  |_   _| ____/ ___|_   _| |  _ \ / \  / ___|/ ___|| ____|  _ \ 
 (_)_____| |   | | |  _| \___ \ | |   | |_) / _ \ \___ \\___ \|  _| | | | |
  _|_____| |   | | | |___ ___) || |   |  __/ ___ \ ___) |___) | |___| |_| |
 (_)     | |   |_| |_____|____/ |_|   |_| /_/   \_\____/|____/|_____|____/ 
        /_/                                                                

TEST PASSED: Search word Playstation
----------------------------------------------------------------------------
]]></system-err>
</testsuite>
